<?xml version="1.0" encoding="utf-8"?><testsuites name="pytest tests"><testsuite name="pytest" errors="0" failures="0" skipped="0" tests="12" time="1.079" timestamp="2026-06-04T11:57:56.206081+00:00" hostname="agent-env-2bc8aa02-adb7-4a0f-835c-35bcb1d54cac"><testcase classname="backend.tests.backend_test.TestHealth" name="test_health_ok" time="0.238" /><testcase classname="backend.tests.backend_test.TestHealth" name="test_root_api" time="0.048" /><testcase classname="backend.tests.backend_test.TestNewsletter" name="test_subscribe_valid_email" time="0.072" /><testcase classname="backend.tests.backend_test.TestNewsletter" name="test_subscribe_duplicate_returns_already_subscribed" time="0.146" /><testcase classname="backend.tests.backend_test.TestNewsletter" name="test_subscribe_invalid_email" time="0.050" /><testcase classname="backend.tests.backend_test.TestNewsletter" name="test_subscribe_missing_email" time="0.043" /><testcase classname="backend.tests.backend_test.TestContact" name="test_contact_valid" time="0.056" /><testcase classname="backend.tests.backend_test.TestContact" name="test_contact_invalid_email" time="0.093" /><testcase classname="backend.tests.backend_test.TestContact" name="test_contact_missing_email" time="0.042" /><testcase classname="backend.tests.backend_test.TestContact" name="test_contact_message_too_short" time="0.044" /><testcase classname="backend.tests.backend_test.TestContact" name="test_contact_missing_message" time="0.044" /><testcase classname="backend.tests.backend_test.TestContact" name="test_contact_no_name_allowed" time="0.044" /></testsuite></testsuites>